Using pre-set license
Built from '2020.3/release' branch; Version is '2020.3.15f2 (6cf78cb77498) revision 7141260'; Using compiler version '192528614'; Build Type 'Release'
OS: 'Windows 10 Pro; OS build 19043.1237; Version 2009; 64bit' Language: 'ru' Physical Memory: 32670 MB
BatchMode: 1, IsHumanControllingUs: 0, StartBugReporterOnCrash: 0, Is64bit: 1, IsPro: 0

 COMMAND LINE ARGUMENTS:
D:\IT\All everytyhing\unity\unity2\2020.3.15f2\Editor\Unity.exe
-adb2
-batchMode
-noUpm
-name
AssetImportWorker0
-projectPath
D:/IT/GlowingCrystallShader/GlowCrystall
-logFile
Logs/AssetImportWorker0.log
-srvPort
56481
Successfully changed project path to: D:/IT/GlowingCrystallShader/GlowCrystall
D:/IT/GlowingCrystallShader/GlowCrystall
Using Asset Import Pipeline V2.
Refreshing native plugins compatible for Editor in 67.70 ms, found 2 plugins.
Preloading 0 native plugins for Editor in 0.00 ms.
Initialize engine version: 2020.3.15f2 (6cf78cb77498)
[Subsystems] Discovering subsystems at path D:/IT/All everytyhing/unity/unity2/2020.3.15f2/Editor/Data/Resources/UnitySubsystems
[Subsystems] Discovering subsystems at path D:/IT/GlowingCrystallShader/GlowCrystall/Assets
GfxDevice: creating device client; threaded=0
Direct3D:
    Version:  Direct3D 11.0 [level 11.1]
    Renderer: Radeon RX 560 Series (ID=0x67ff)
    Vendor:   
    VRAM:     4075 MB
    Driver:   27.20.1034.6
Initialize mono
Mono path[0] = 'D:/IT/All everytyhing/unity/unity2/2020.3.15f2/Editor/Data/Managed'
Mono path[1] = 'D:/IT/All everytyhing/unity/unity2/2020.3.15f2/Editor/Data/MonoBleedingEdge/lib/mono/unityjit'
Mono config path = 'D:/IT/All everytyhing/unity/unity2/2020.3.15f2/Editor/Data/MonoBleedingEdge/etc'
Using monoOptions --debugger-agent=transport=dt_socket,embedding=1,server=y,suspend=n,address=127.0.0.1:56564
Begin MonoManager ReloadAssembly
Registering precompiled unity dll's ...
Register platform support module: D:/IT/All everytyhing/unity/unity2/2020.3.15f2/Editor/Data/PlaybackEngines/WindowsStandaloneSupport/UnityEditor.WindowsStandalone.Extensions.dll
Registered in 0.001558 seconds.
Native extension for WindowsStandalone target not found
Refreshing native plugins compatible for Editor in 63.65 ms, found 2 plugins.
Preloading 0 native plugins for Editor in 0.00 ms.
Mono: successfully reloaded assembly
- Completed reload, in  2.110 seconds
Domain Reload Profiling:
	ReloadAssembly (2110ms)
		BeginReloadAssembly (76ms)
			ExecutionOrderSort (0ms)
			DisableScriptedObjects (0ms)
			BackupInstance (0ms)
			ReleaseScriptingObjects (0ms)
			CreateAndSetChildDomain (1ms)
		EndReloadAssembly (589ms)
			LoadAssemblies (74ms)
			RebuildTransferFunctionScriptingTraits (0ms)
			SetupTypeCache (227ms)
			ReleaseScriptCaches (0ms)
			RebuildScriptCaches (43ms)
			SetupLoadedEditorAssemblies (236ms)
				LogAssemblyErrors (0ms)
				InitializePlatformSupportModulesInManaged (5ms)
				SetLoadedEditorAssemblies (0ms)
				RefreshPlugins (64ms)
				BeforeProcessingInitializeOnLoad (13ms)
				ProcessInitializeOnLoadAttributes (116ms)
				ProcessInitializeOnLoadMethodAttributes (37ms)
				AfterProcessingInitializeOnLoad (0ms)
				EditorAssembliesLoaded (0ms)
			ExecutionOrderSort2 (0ms)
			AwakeInstancesAfterBackupRestoration (0ms)
Platform modules already initialized, skipping
Registering precompiled user dll's ...
Registered in 0.004021 seconds.
Begin MonoManager ReloadAssembly
Native extension for WindowsStandalone target not found
Refreshing native plugins compatible for Editor in 65.29 ms, found 2 plugins.
Preloading 0 native plugins for Editor in 0.00 ms.
Mono: successfully reloaded assembly
- Completed reload, in  1.640 seconds
Domain Reload Profiling:
	ReloadAssembly (1641ms)
		BeginReloadAssembly (197ms)
			ExecutionOrderSort (0ms)
			DisableScriptedObjects (7ms)
			BackupInstance (0ms)
			ReleaseScriptingObjects (0ms)
			CreateAndSetChildDomain (25ms)
		EndReloadAssembly (1367ms)
			LoadAssemblies (120ms)
			RebuildTransferFunctionScriptingTraits (0ms)
			SetupTypeCache (424ms)
			ReleaseScriptCaches (1ms)
			RebuildScriptCaches (70ms)
			SetupLoadedEditorAssemblies (587ms)
				LogAssemblyErrors (0ms)
				InitializePlatformSupportModulesInManaged (5ms)
				SetLoadedEditorAssemblies (0ms)
				RefreshPlugins (65ms)
				BeforeProcessingInitializeOnLoad (121ms)
				ProcessInitializeOnLoadAttributes (384ms)
				ProcessInitializeOnLoadMethodAttributes (7ms)
				AfterProcessingInitializeOnLoad (3ms)
				EditorAssembliesLoaded (0ms)
			ExecutionOrderSort2 (0ms)
			AwakeInstancesAfterBackupRestoration (10ms)
Platform modules already initialized, skipping
========================================================================
Worker process is ready to serve import requests
Shader 'Universal Render Pipeline/Particles/Lit': fallback shader 'Universal Render Pipeline/Particles/SimpleLit' not found
Shader 'Universal Render Pipeline/Particles/Lit': fallback shader 'Universal Render Pipeline/Particles/SimpleLit' not found
Launched and connected shader compiler UnityShaderCompiler.exe after 0.09 seconds
Refreshing native plugins compatible for Editor in 0.67 ms, found 2 plugins.
Preloading 0 native plugins for Editor in 0.00 ms.
Unloading 2702 Unused Serialized files (Serialized files now loaded: 0)
System memory in use before: 121.4 MB.
System memory in use after: 118.5 MB.

Unloading 54 unused Assets to reduce memory usage. Loaded Objects now: 3099.
Total: 5.282500 ms (FindLiveObjects: 0.321100 ms CreateObjectMapping: 0.166500 ms MarkObjects: 2.946000 ms  DeleteObjects: 1.847500 ms)

AssetImportParameters requested are different than current active one (requested -> active):
  custom:framework-win-MediaFoundation: 216162199b28c13a410421893ffa2e32 -> 
  custom:video-decoder-ogg-theora: a1e56fd34408186e4bbccfd4996cb3dc -> 
  custom:container-muxer-webm: aa71ff27fc2769a1b78a27578f13a17b -> 
  custom:container-demuxer-webm: 4f35f7cbe854078d1ac9338744f61a02 -> 
  custom:container-demuxer-ogg: 62fdf1f143b41e24485cea50d1cbac27 -> 
  custom:video-encoder-webm-vp8: eb34c28f22e8b96e1ab97ce403110664 -> 
  custom:video-decoder-webm-vp8: 9c59270c3fd7afecdb556c50c9e8de78 -> 
  custom:audio-decoder-ogg-vorbis: bf7c407c2cedff20999df2af8eb42d56 -> 
  custom:audio-encoder-webm-vorbis: bf7c407c2cedff20999df2af8eb42d56 -> 
========================================================================
Received Import Request.
  path: Assets/Readme.asset
  artifactKey: Guid(83c2ed844a8c74b779a4c823d16594b1) Importer(815301076,1909f56bfc062723c751e8b465ee728b)
Start importing Assets/Readme.asset using Guid(83c2ed844a8c74b779a4c823d16594b1) Importer(815301076,1909f56bfc062723c751e8b465ee728b)  -> (artifact id: '8ffd2c44ffeb50c574abb5d0c4453328') in 0.100496 seconds 
  Import took 0.106107 seconds .

========================================================================
Received Import Request.
  Time since last request: 4.614153 seconds.
  path: Assets
  artifactKey: Guid(00000000000000001000000000000000) Importer(815301076,1909f56bfc062723c751e8b465ee728b)
Start importing Assets using Guid(00000000000000001000000000000000) Importer(815301076,1909f56bfc062723c751e8b465ee728b)  -> (artifact id: '42d402b061de3733987d63b9cc3b64de') in 0.006812 seconds 
  Import took 0.012294 seconds .

========================================================================
Received Import Request.
  Time since last request: 0.003324 seconds.
  path: Assets
  artifactKey: Guid(00000000000000001000000000000000) Importer(815301076,1909f56bfc062723c751e8b465ee728b)
Start importing Assets using Guid(00000000000000001000000000000000) Importer(815301076,1909f56bfc062723c751e8b465ee728b)  -> (artifact id: '42d402b061de3733987d63b9cc3b64de') in 0.003094 seconds 
  Import took 0.007758 seconds .

========================================================================
Received Import Request.
  Time since last request: 7.144421 seconds.
  path: Assets/URP
  artifactKey: Guid(0e705137da0aa0246819931f4836d6f0) Importer(815301076,1909f56bfc062723c751e8b465ee728b)
Start importing Assets/URP using Guid(0e705137da0aa0246819931f4836d6f0) Importer(815301076,1909f56bfc062723c751e8b465ee728b)  -> (artifact id: 'b9313f1dbb0932ed3baeb0413aec0a65') in 0.010025 seconds 
  Import took 0.016352 seconds .

========================================================================
Received Import Request.
  Time since last request: 0.007697 seconds.
  path: Assets/URP
  artifactKey: Guid(0e705137da0aa0246819931f4836d6f0) Importer(815301076,1909f56bfc062723c751e8b465ee728b)
Start importing Assets/URP using Guid(0e705137da0aa0246819931f4836d6f0) Importer(815301076,1909f56bfc062723c751e8b465ee728b)  -> (artifact id: 'b9313f1dbb0932ed3baeb0413aec0a65') in 0.002132 seconds 
  Import took 0.007876 seconds .

========================================================================
Received Import Request.
  Time since last request: 1.272642 seconds.
  path: Assets/TutorialInfo
  artifactKey: Guid(49110bb8dcada46328ad741970bce702) Importer(815301076,1909f56bfc062723c751e8b465ee728b)
Start importing Assets/TutorialInfo using Guid(49110bb8dcada46328ad741970bce702) Importer(815301076,1909f56bfc062723c751e8b465ee728b)  -> (artifact id: 'de5a30219286eb2a872f2f84d66d9616') in 0.015832 seconds 
  Import took 0.029116 seconds .

========================================================================
Received Import Request.
  Time since last request: 0.021509 seconds.
  path: Assets/TutorialInfo
  artifactKey: Guid(49110bb8dcada46328ad741970bce702) Importer(815301076,1909f56bfc062723c751e8b465ee728b)
Start importing Assets/TutorialInfo using Guid(49110bb8dcada46328ad741970bce702) Importer(815301076,1909f56bfc062723c751e8b465ee728b)  -> (artifact id: 'de5a30219286eb2a872f2f84d66d9616') in 0.004408 seconds 
  Import took 0.017394 seconds .

========================================================================
Received Import Request.
  Time since last request: 2.930700 seconds.
  path: Assets/ExampleAssets
  artifactKey: Guid(990f5c2df70993f4987a388ca178996a) Importer(815301076,1909f56bfc062723c751e8b465ee728b)
Start importing Assets/ExampleAssets using Guid(990f5c2df70993f4987a388ca178996a) Importer(815301076,1909f56bfc062723c751e8b465ee728b)  -> (artifact id: 'd5ac45704b3e904ca5b19a6457cc79ac') in 0.025847 seconds 
  Import took 0.045101 seconds .

========================================================================
Received Prepare
Registering precompiled user dll's ...
Registered in 0.003644 seconds.
Begin MonoManager ReloadAssembly
Native extension for WindowsStandalone target not found
Refreshing native plugins compatible for Editor in 0.69 ms, found 2 plugins.
Preloading 0 native plugins for Editor in 0.00 ms.
Mono: successfully reloaded assembly
- Completed reload, in  1.393 seconds
Domain Reload Profiling:
	ReloadAssembly (1393ms)
		BeginReloadAssembly (154ms)
			ExecutionOrderSort (0ms)
			DisableScriptedObjects (6ms)
			BackupInstance (0ms)
			ReleaseScriptingObjects (0ms)
			CreateAndSetChildDomain (47ms)
		EndReloadAssembly (1161ms)
			LoadAssemblies (112ms)
			RebuildTransferFunctionScriptingTraits (0ms)
			SetupTypeCache (388ms)
			ReleaseScriptCaches (2ms)
			RebuildScriptCaches (53ms)
			SetupLoadedEditorAssemblies (472ms)
				LogAssemblyErrors (0ms)
				InitializePlatformSupportModulesInManaged (5ms)
				SetLoadedEditorAssemblies (1ms)
				RefreshPlugins (1ms)
				BeforeProcessingInitializeOnLoad (113ms)
				ProcessInitializeOnLoadAttributes (344ms)
				ProcessInitializeOnLoadMethodAttributes (5ms)
				AfterProcessingInitializeOnLoad (3ms)
				EditorAssembliesLoaded (0ms)
			ExecutionOrderSort2 (0ms)
			AwakeInstancesAfterBackupRestoration (12ms)
Platform modules already initialized, skipping
Shader 'Universal Render Pipeline/Particles/Lit': fallback shader 'Universal Render Pipeline/Particles/SimpleLit' not found
Shader 'Universal Render Pipeline/Particles/Lit': fallback shader 'Universal Render Pipeline/Particles/SimpleLit' not found
Refreshing native plugins compatible for Editor in 0.62 ms, found 2 plugins.
Preloading 0 native plugins for Editor in 0.00 ms.
Unloading 2627 Unused Serialized files (Serialized files now loaded: 0)
System memory in use before: 117.6 MB.
System memory in use after: 114.9 MB.

Unloading 49 unused Assets to reduce memory usage. Loaded Objects now: 3102.
Total: 4.680000 ms (FindLiveObjects: 0.261200 ms CreateObjectMapping: 0.148300 ms MarkObjects: 2.731700 ms  DeleteObjects: 1.537800 ms)

AssetImportParameters requested are different than current active one (requested -> active):
  custom:framework-win-MediaFoundation: 216162199b28c13a410421893ffa2e32 -> 
  custom:video-decoder-ogg-theora: a1e56fd34408186e4bbccfd4996cb3dc -> 
  custom:container-muxer-webm: aa71ff27fc2769a1b78a27578f13a17b -> 
  custom:container-demuxer-webm: 4f35f7cbe854078d1ac9338744f61a02 -> 
  custom:container-demuxer-ogg: 62fdf1f143b41e24485cea50d1cbac27 -> 
  custom:video-encoder-webm-vp8: eb34c28f22e8b96e1ab97ce403110664 -> 
  custom:video-decoder-webm-vp8: 9c59270c3fd7afecdb556c50c9e8de78 -> 
  custom:audio-decoder-ogg-vorbis: bf7c407c2cedff20999df2af8eb42d56 -> 
  custom:audio-encoder-webm-vorbis: bf7c407c2cedff20999df2af8eb42d56 -> 
========================================================================
Received Import Request.
  Time since last request: 19.706682 seconds.
  path: Assets/crystall.blend
  artifactKey: Guid(b4f47f9f876a87246b3cec3327602991) Importer(815301076,1909f56bfc062723c751e8b465ee728b)
Start importing Assets/crystall.blend using Guid(b4f47f9f876a87246b3cec3327602991) Importer(815301076,1909f56bfc062723c751e8b465ee728b)  -> (artifact id: '30c4df06448761c800232c9505c30c6b') in 1.114070 seconds 
  Import took 1.120003 seconds .

========================================================================
Received Import Request.
  Time since last request: 0.044758 seconds.
  path: Assets/crystall.blend
  artifactKey: Guid(b4f47f9f876a87246b3cec3327602991) Importer(815301076,1909f56bfc062723c751e8b465ee728b)
Start importing Assets/crystall.blend using Guid(b4f47f9f876a87246b3cec3327602991) Importer(815301076,1909f56bfc062723c751e8b465ee728b)  -> (artifact id: '30c4df06448761c800232c9505c30c6b') in 0.098573 seconds 
  Import took 0.104094 seconds .

========================================================================
Received Import Request.
  Time since last request: 401.214654 seconds.
  path: Assets/crystall.blend
  artifactKey: Guid(b4f47f9f876a87246b3cec3327602991) Importer(815301076,1909f56bfc062723c751e8b465ee728b)
Start importing Assets/crystall.blend using Guid(b4f47f9f876a87246b3cec3327602991) Importer(815301076,1909f56bfc062723c751e8b465ee728b)  -> (artifact id: 'dea81598e6ddf4f2443efa1c98b94721') in 0.100436 seconds 
  Import took 0.106955 seconds .

========================================================================
Received Import Request.
  Time since last request: 34.160436 seconds.
  path: Assets/crystall.blend
  artifactKey: Guid(b4f47f9f876a87246b3cec3327602991) Importer(815301076,1909f56bfc062723c751e8b465ee728b)
Start importing Assets/crystall.blend using Guid(b4f47f9f876a87246b3cec3327602991) Importer(815301076,1909f56bfc062723c751e8b465ee728b)  -> (artifact id: '757ba5c1ebdcb2efe93d0bd7b707f333') in 0.102175 seconds 
  Import took 0.107825 seconds .

========================================================================
Received Import Request.
  Time since last request: 60.048311 seconds.
  path: Assets/Crystall.prefab
  artifactKey: Guid(1c0d2f3dbe87a404b9681f07f9791c01) Importer(815301076,1909f56bfc062723c751e8b465ee728b)
Start importing Assets/Crystall.prefab using Guid(1c0d2f3dbe87a404b9681f07f9791c01) Importer(815301076,1909f56bfc062723c751e8b465ee728b)  -> (artifact id: 'a2d98357aaa86fb4ba62a463684c6449') in 0.018131 seconds 
  Import took 0.024303 seconds .

========================================================================
Received Import Request.
  Time since last request: 95.423699 seconds.
  path: Assets/New Shader Graph.shadergraph
  artifactKey: Guid(0bdf95ea7314b5742b6a32c2cd24958c) Importer(815301076,1909f56bfc062723c751e8b465ee728b)
Start importing Assets/New Shader Graph.shadergraph using Guid(0bdf95ea7314b5742b6a32c2cd24958c) Importer(815301076,1909f56bfc062723c751e8b465ee728b)  -> (artifact id: '94133c07aa90b24e1fcf619e4c50f5c6') in 0.009020 seconds 
  Import took 0.014452 seconds .

========================================================================
Received Import Request.
  Time since last request: 0.003022 seconds.
  path: Assets/New Shader Graph.shadergraph
  artifactKey: Guid(0bdf95ea7314b5742b6a32c2cd24958c) Importer(815301076,1909f56bfc062723c751e8b465ee728b)
Start importing Assets/New Shader Graph.shadergraph using Guid(0bdf95ea7314b5742b6a32c2cd24958c) Importer(815301076,1909f56bfc062723c751e8b465ee728b)  -> (artifact id: '94133c07aa90b24e1fcf619e4c50f5c6') in 0.002502 seconds 
  Import took 0.006931 seconds .

========================================================================
Received Import Request.
  Time since last request: 6.685157 seconds.
  path: Assets/CrystallShader.shadergraph
  artifactKey: Guid(0bdf95ea7314b5742b6a32c2cd24958c) Importer(815301076,1909f56bfc062723c751e8b465ee728b)
Start importing Assets/CrystallShader.shadergraph using Guid(0bdf95ea7314b5742b6a32c2cd24958c) Importer(815301076,1909f56bfc062723c751e8b465ee728b)  -> (artifact id: 'fa64734a3e3219fa1c4a99841b1f1add') in 0.007277 seconds 
  Import took 0.012974 seconds .

========================================================================
Received Import Request.
  Time since last request: 445.780176 seconds.
  path: Assets/CrystallShader.shadergraph
  artifactKey: Guid(0bdf95ea7314b5742b6a32c2cd24958c) Importer(815301076,1909f56bfc062723c751e8b465ee728b)
Start importing Assets/CrystallShader.shadergraph using Guid(0bdf95ea7314b5742b6a32c2cd24958c) Importer(815301076,1909f56bfc062723c751e8b465ee728b)  -> (artifact id: 'ffbcf35c85aa4106608ae46a23c15090') in 0.004611 seconds 
  Import took 0.011398 seconds .

========================================================================
Received Import Request.
  Time since last request: 1.514115 seconds.
  path: Assets/CrystallShader.shadergraph
  artifactKey: Guid(0bdf95ea7314b5742b6a32c2cd24958c) Importer(815301076,1909f56bfc062723c751e8b465ee728b)
Start importing Assets/CrystallShader.shadergraph using Guid(0bdf95ea7314b5742b6a32c2cd24958c) Importer(815301076,1909f56bfc062723c751e8b465ee728b)  -> (artifact id: 'ffbcf35c85aa4106608ae46a23c15090') in 0.012320 seconds 
  Import took 0.017844 seconds .

========================================================================
Received Import Request.
  Time since last request: 4.216656 seconds.
  path: Assets/Shader Graphs_CrystallShader.mat
  artifactKey: Guid(be18d180874b1d64db7eeee9c7fc52cb) Importer(815301076,1909f56bfc062723c751e8b465ee728b)
Start importing Assets/Shader Graphs_CrystallShader.mat using Guid(be18d180874b1d64db7eeee9c7fc52cb) Importer(815301076,1909f56bfc062723c751e8b465ee728b)  -> (artifact id: 'a7ac79b87356e8fb327a6f866ca1f2e0') in 0.049207 seconds 
  Import took 0.057703 seconds .

========================================================================
Received Import Request.
  Time since last request: 7.522520 seconds.
  path: Assets/CrystallShader.mat
  artifactKey: Guid(be18d180874b1d64db7eeee9c7fc52cb) Importer(815301076,1909f56bfc062723c751e8b465ee728b)
Start importing Assets/CrystallShader.mat using Guid(be18d180874b1d64db7eeee9c7fc52cb) Importer(815301076,1909f56bfc062723c751e8b465ee728b)  -> (artifact id: '4bf829c5c508c354dc3621db9c637907') in 0.032162 seconds 
  Import took 0.038433 seconds .

========================================================================
Received Import Request.
  Time since last request: 160.798503 seconds.
  path: Assets/URP/Readme.asset
  artifactKey: Guid(83c2ed844a8c74b779a4c823d16594b1) Importer(815301076,1909f56bfc062723c751e8b465ee728b)
Start importing Assets/URP/Readme.asset using Guid(83c2ed844a8c74b779a4c823d16594b1) Importer(815301076,1909f56bfc062723c751e8b465ee728b)  -> (artifact id: '929a991dfe856b8e7f7b83272de47bd8') in 0.005500 seconds 
  Import took 0.011720 seconds .

========================================================================
Received Import Request.
  Time since last request: 3.455635 seconds.
  path: Assets/URP/Materials
  artifactKey: Guid(d0234ba368eeec9418390da711bfdad0) Importer(815301076,1909f56bfc062723c751e8b465ee728b)
Start importing Assets/URP/Materials using Guid(d0234ba368eeec9418390da711bfdad0) Importer(815301076,1909f56bfc062723c751e8b465ee728b)  -> (artifact id: 'dd1fccef896d48891410691dfde716e5') in 0.007425 seconds 
  Import took 0.013462 seconds .

========================================================================
Received Import Request.
  Time since last request: 0.038233 seconds.
  path: Assets/URP/Materials/Skybox_Mat.mat
  artifactKey: Guid(0ffaa0b7117ba8c47a9d05ae701d4b4d) Importer(815301076,1909f56bfc062723c751e8b465ee728b)
Start importing Assets/URP/Materials/Skybox_Mat.mat using Guid(0ffaa0b7117ba8c47a9d05ae701d4b4d) Importer(815301076,1909f56bfc062723c751e8b465ee728b)  -> (artifact id: '4d54ab3375f41efad00566dcae11def2') in 0.018476 seconds 
  Import took 0.023850 seconds .

========================================================================
Received Import Request.
  Time since last request: 191.571467 seconds.
  path: Assets/URP/Scenes
  artifactKey: Guid(e4830d8a7f9d7bd4686485f808453791) Importer(815301076,1909f56bfc062723c751e8b465ee728b)
Start importing Assets/URP/Scenes using Guid(e4830d8a7f9d7bd4686485f808453791) Importer(815301076,1909f56bfc062723c751e8b465ee728b)  -> (artifact id: '8d92bd69ee07b5311de088a281a56061') in 0.010669 seconds 
  Import took 0.017600 seconds .

========================================================================
Received Import Request.
  Time since last request: 1.029182 seconds.
  path: Assets/URP/Scenes/SampleScene.unity
  artifactKey: Guid(d1c3109bdb54ad54c8a2b2838528e640) Importer(815301076,1909f56bfc062723c751e8b465ee728b)
Start importing Assets/URP/Scenes/SampleScene.unity using Guid(d1c3109bdb54ad54c8a2b2838528e640) Importer(815301076,1909f56bfc062723c751e8b465ee728b)  -> (artifact id: '3aa35b4aea262e1f5ad87d0e5a71f682') in 0.009586 seconds 
  Import took 0.016003 seconds .

========================================================================
Received Import Request.
  Time since last request: 1.921693 seconds.
  path: Assets/URP/Scenes/SampleScene.unity
  artifactKey: Guid(d1c3109bdb54ad54c8a2b2838528e640) Importer(815301076,1909f56bfc062723c751e8b465ee728b)
Start importing Assets/URP/Scenes/SampleScene.unity using Guid(d1c3109bdb54ad54c8a2b2838528e640) Importer(815301076,1909f56bfc062723c751e8b465ee728b)  -> (artifact id: '95930cbf3a3fd56ee5569b5642072eac') in 0.002192 seconds 
  Import took 0.007353 seconds .

========================================================================
Received Import Request.
  Time since last request: 0.002612 seconds.
  path: Assets/URP/Scenes/SampleScene.unity
  artifactKey: Guid(d1c3109bdb54ad54c8a2b2838528e640) Importer(815301076,1909f56bfc062723c751e8b465ee728b)
Start importing Assets/URP/Scenes/SampleScene.unity using Guid(d1c3109bdb54ad54c8a2b2838528e640) Importer(815301076,1909f56bfc062723c751e8b465ee728b)  -> (artifact id: '95930cbf3a3fd56ee5569b5642072eac') in 0.001862 seconds 
  Import took 0.005989 seconds .

========================================================================
Received Import Request.
  Time since last request: 48.594680 seconds.
  path: Assets/CrystallShader.mat
  artifactKey: Guid(be18d180874b1d64db7eeee9c7fc52cb) Importer(815301076,1909f56bfc062723c751e8b465ee728b)
Start importing Assets/CrystallShader.mat using Guid(be18d180874b1d64db7eeee9c7fc52cb) Importer(815301076,1909f56bfc062723c751e8b465ee728b)  -> (artifact id: 'c1dff6ab7fb795116676bea904b99343') in 0.022442 seconds 
  Import took 0.029443 seconds .

========================================================================
Received Import Request.
  Time since last request: 2.581008 seconds.
  path: Assets/URP/Presets
  artifactKey: Guid(558255460b74ec04fa70b5570e9327bd) Importer(815301076,1909f56bfc062723c751e8b465ee728b)
Start importing Assets/URP/Presets using Guid(558255460b74ec04fa70b5570e9327bd) Importer(815301076,1909f56bfc062723c751e8b465ee728b)  -> (artifact id: 'e1966229f3d7993f283b578bcf544b58') in 0.007798 seconds 
  Import took 0.014070 seconds .

========================================================================
Received Import Request.
  Time since last request: 0.037479 seconds.
  path: Assets/URP/Presets/AudioCompressedInMemory.preset
  artifactKey: Guid(2dd802e4d37c65149922028d3e973832) Importer(815301076,1909f56bfc062723c751e8b465ee728b)
Start importing Assets/URP/Presets/AudioCompressedInMemory.preset using Guid(2dd802e4d37c65149922028d3e973832) Importer(815301076,1909f56bfc062723c751e8b465ee728b)  -> (artifact id: 'ac4de02398cfe62c06251b0f50233ebf') in 0.009905 seconds 
  Import took 0.014709 seconds .

========================================================================
Received Import Request.
  Time since last request: 0.000252 seconds.
  path: Assets/URP/Presets/AudioStreaming.preset
  artifactKey: Guid(86bcce7f5575b54408aa0f3a7d321039) Importer(815301076,1909f56bfc062723c751e8b465ee728b)
Start importing Assets/URP/Presets/AudioStreaming.preset using Guid(86bcce7f5575b54408aa0f3a7d321039) Importer(815301076,1909f56bfc062723c751e8b465ee728b)  -> (artifact id: '9982fbd60bc57b892b2c54d34a0163c0') in 0.006498 seconds 
  Import took 0.010702 seconds .

========================================================================
Received Import Request.
  Time since last request: 0.000240 seconds.
  path: Assets/URP/Presets/NormalTexture.preset
  artifactKey: Guid(14a57cf3b9fa1c74b884aa7e0dcf1faa) Importer(815301076,1909f56bfc062723c751e8b465ee728b)
Start importing Assets/URP/Presets/NormalTexture.preset using Guid(14a57cf3b9fa1c74b884aa7e0dcf1faa) Importer(815301076,1909f56bfc062723c751e8b465ee728b)  -> (artifact id: '9c195482fc53bc4f53f643643f636469') in 0.008239 seconds 
  Import took 0.012357 seconds .

========================================================================
Received Import Request.
  Time since last request: 0.000223 seconds.
  path: Assets/URP/Presets/UtilityTexture.preset
  artifactKey: Guid(45f7b2e3c78185248b3adbb14429c2ab) Importer(815301076,1909f56bfc062723c751e8b465ee728b)
Start importing Assets/URP/Presets/UtilityTexture.preset using Guid(45f7b2e3c78185248b3adbb14429c2ab) Importer(815301076,1909f56bfc062723c751e8b465ee728b)  -> (artifact id: 'ab9c1faeeb59b745cafa0ae79c874a42') in 0.007966 seconds 
  Import took 0.012090 seconds .

========================================================================
Received Import Request.
  Time since last request: 1.989000 seconds.
  path: Assets/URP/Presets/Defaults
  artifactKey: Guid(71ea82b02df99c2439e0dc8e4e1ebc24) Importer(815301076,1909f56bfc062723c751e8b465ee728b)
Start importing Assets/URP/Presets/Defaults using Guid(71ea82b02df99c2439e0dc8e4e1ebc24) Importer(815301076,1909f56bfc062723c751e8b465ee728b)  -> (artifact id: 'a2a56981c996a89ef789297d7a3fb242') in 0.007451 seconds 
  Import took 0.013487 seconds .

========================================================================
Received Import Request.
  Time since last request: 0.044350 seconds.
  path: Assets/URP/Presets/Defaults/AlbedoTexture_Default.preset
  artifactKey: Guid(e8537455c6c08bd4e8bf0be3707da685) Importer(815301076,1909f56bfc062723c751e8b465ee728b)
Start importing Assets/URP/Presets/Defaults/AlbedoTexture_Default.preset using Guid(e8537455c6c08bd4e8bf0be3707da685) Importer(815301076,1909f56bfc062723c751e8b465ee728b)  -> (artifact id: 'a39f5c6fcb9ea97bf434963b23d33ea7') in 0.008467 seconds 
  Import took 0.013462 seconds .

========================================================================
Received Import Request.
  Time since last request: 0.000266 seconds.
  path: Assets/URP/Presets/Defaults/AudioDecompressOnLoad.preset
  artifactKey: Guid(e7689051185d12f4298e1ebb2693a29f) Importer(815301076,1909f56bfc062723c751e8b465ee728b)
Start importing Assets/URP/Presets/Defaults/AudioDecompressOnLoad.preset using Guid(e7689051185d12f4298e1ebb2693a29f) Importer(815301076,1909f56bfc062723c751e8b465ee728b)  -> (artifact id: '89d1cf06e67cef88edace491fed66d7e') in 0.006611 seconds 
  Import took 0.010985 seconds .

========================================================================
Received Import Request.
  Time since last request: 0.000207 seconds.
  path: Assets/URP/Presets/Defaults/DirectionalLight_Default.preset
  artifactKey: Guid(463065d4f17d1d94d848aa127b94dd43) Importer(815301076,1909f56bfc062723c751e8b465ee728b)
Start importing Assets/URP/Presets/Defaults/DirectionalLight_Default.preset using Guid(463065d4f17d1d94d848aa127b94dd43) Importer(815301076,1909f56bfc062723c751e8b465ee728b)  -> (artifact id: '51a078c6ae54eb254be36a9378726b4a') in 0.006772 seconds 
  Import took 0.010954 seconds .

========================================================================
Received Import Request.
  Time since last request: 5.986337 seconds.
  path: Assets/URP/Settings
  artifactKey: Guid(0735c275001a2c84dafdb30deced5d8d) Importer(815301076,1909f56bfc062723c751e8b465ee728b)
Start importing Assets/URP/Settings using Guid(0735c275001a2c84dafdb30deced5d8d) Importer(815301076,1909f56bfc062723c751e8b465ee728b)  -> (artifact id: 'cadd7ca10b5bf32e886eec457cf073a7') in 0.009402 seconds 
  Import took 0.015634 seconds .

========================================================================
Received Import Request.
  Time since last request: 0.051598 seconds.
  path: Assets/URP/Settings/ForwardRenderer.asset
  artifactKey: Guid(4a8e21d5c33334b11b34a596161b9360) Importer(815301076,1909f56bfc062723c751e8b465ee728b)
Start importing Assets/URP/Settings/ForwardRenderer.asset using Guid(4a8e21d5c33334b11b34a596161b9360) Importer(815301076,1909f56bfc062723c751e8b465ee728b)  -> (artifact id: '63cf95242464b0f1307a08bc2392aaaa') in 0.010732 seconds 
  Import took 0.015990 seconds .

========================================================================
Received Import Request.
  Time since last request: 0.000275 seconds.
  path: Assets/URP/Settings/SampleSceneProfile.asset
  artifactKey: Guid(10fc4df2da32a41aaa32d77bc913491c) Importer(815301076,1909f56bfc062723c751e8b465ee728b)
Start importing Assets/URP/Settings/SampleSceneProfile.asset using Guid(10fc4df2da32a41aaa32d77bc913491c) Importer(815301076,1909f56bfc062723c751e8b465ee728b)  -> (artifact id: 'd2b3f476ab718b1cf20d183dd9addfe7') in 0.010007 seconds 
  Import took 0.014258 seconds .

========================================================================
Received Import Request.
  Time since last request: 0.000243 seconds.
  path: Assets/URP/Settings/UniversalRP-LowQuality.asset
  artifactKey: Guid(a31e9f9f9c9d4b9429ed0d1234e22103) Importer(815301076,1909f56bfc062723c751e8b465ee728b)
Start importing Assets/URP/Settings/UniversalRP-LowQuality.asset using Guid(a31e9f9f9c9d4b9429ed0d1234e22103) Importer(815301076,1909f56bfc062723c751e8b465ee728b)  -> (artifact id: 'b226a0bb157262eadf686f6bb5b5f1f8') in 0.007198 seconds 
  Import took 0.011335 seconds .

========================================================================
Received Import Request.
  Time since last request: 0.000226 seconds.
  path: Assets/URP/Settings/UniversalRP-MediumQuality.asset
  artifactKey: Guid(d847b876476d3d6468f5dfcd34266f96) Importer(815301076,1909f56bfc062723c751e8b465ee728b)
Start importing Assets/URP/Settings/UniversalRP-MediumQuality.asset using Guid(d847b876476d3d6468f5dfcd34266f96) Importer(815301076,1909f56bfc062723c751e8b465ee728b)  -> (artifact id: 'd421f548a6507a11f25ec3578746e9c1') in 0.007048 seconds 
  Import took 0.011285 seconds .

========================================================================
Received Import Request.
  Time since last request: 0.000238 seconds.
  path: Assets/URP/Settings/UniversalRP-HighQuality.asset
  artifactKey: Guid(19ba41d7c0026c3459d37c2fe90c55a0) Importer(815301076,1909f56bfc062723c751e8b465ee728b)
Start importing Assets/URP/Settings/UniversalRP-HighQuality.asset using Guid(19ba41d7c0026c3459d37c2fe90c55a0) Importer(815301076,1909f56bfc062723c751e8b465ee728b)  -> (artifact id: '02e18c1f933b70f494440bf5e7626866') in 0.006858 seconds 
  Import took 0.011226 seconds .

========================================================================
Received Prepare
Registering precompiled user dll's ...
Registered in 0.007233 seconds.
Begin MonoManager ReloadAssembly
Native extension for WindowsStandalone target not found
Refreshing native plugins compatible for Editor in 0.72 ms, found 2 plugins.
Preloading 0 native plugins for Editor in 0.00 ms.
[ScriptCompilation] NOT recompiling all scripts because this is an import worker process. Reason to compile was: Define symbols changed
Mono: successfully reloaded assembly
- Completed reload, in  1.397 seconds
Domain Reload Profiling:
	ReloadAssembly (1397ms)
		BeginReloadAssembly (155ms)
			ExecutionOrderSort (0ms)
			DisableScriptedObjects (9ms)
			BackupInstance (0ms)
			ReleaseScriptingObjects (0ms)
			CreateAndSetChildDomain (50ms)
		EndReloadAssembly (1171ms)
			LoadAssemblies (110ms)
			RebuildTransferFunctionScriptingTraits (0ms)
			SetupTypeCache (379ms)
			ReleaseScriptCaches (2ms)
			RebuildScriptCaches (53ms)
			SetupLoadedEditorAssemblies (463ms)
				LogAssemblyErrors (0ms)
				InitializePlatformSupportModulesInManaged (5ms)
				SetLoadedEditorAssemblies (1ms)
				RefreshPlugins (1ms)
				BeforeProcessingInitializeOnLoad (111ms)
				ProcessInitializeOnLoadAttributes (337ms)
				ProcessInitializeOnLoadMethodAttributes (5ms)
				AfterProcessingInitializeOnLoad (3ms)
				EditorAssembliesLoaded (0ms)
			ExecutionOrderSort2 (0ms)
			AwakeInstancesAfterBackupRestoration (19ms)
Platform modules already initialized, skipping
Shader 'Universal Render Pipeline/Particles/Lit': fallback shader 'Universal Render Pipeline/Particles/SimpleLit' not found
Shader 'Universal Render Pipeline/Particles/Lit': fallback shader 'Universal Render Pipeline/Particles/SimpleLit' not found
Refreshing native plugins compatible for Editor in 0.70 ms, found 2 plugins.
Preloading 0 native plugins for Editor in 0.00 ms.
Unloading 2750 Unused Serialized files (Serialized files now loaded: 0)
System memory in use before: 132.1 MB.
System memory in use after: 127.3 MB.

Unloading 76 unused Assets to reduce memory usage. Loaded Objects now: 3284.
Total: 5.794700 ms (FindLiveObjects: 0.271000 ms CreateObjectMapping: 0.157500 ms MarkObjects: 2.930800 ms  DeleteObjects: 2.434500 ms)

AssetImportParameters requested are different than current active one (requested -> active):
  custom:framework-win-MediaFoundation: 216162199b28c13a410421893ffa2e32 -> 
  custom:video-decoder-ogg-theora: a1e56fd34408186e4bbccfd4996cb3dc -> 
  custom:container-muxer-webm: aa71ff27fc2769a1b78a27578f13a17b -> 
  custom:container-demuxer-webm: 4f35f7cbe854078d1ac9338744f61a02 -> 
  custom:container-demuxer-ogg: 62fdf1f143b41e24485cea50d1cbac27 -> 
  custom:video-encoder-webm-vp8: eb34c28f22e8b96e1ab97ce403110664 -> 
  custom:video-decoder-webm-vp8: 9c59270c3fd7afecdb556c50c9e8de78 -> 
  custom:audio-decoder-ogg-vorbis: bf7c407c2cedff20999df2af8eb42d56 -> 
  custom:audio-encoder-webm-vorbis: bf7c407c2cedff20999df2af8eb42d56 -> 
========================================================================
Received Import Request.
  Time since last request: 370.082288 seconds.
  path: Assets/CrystallShader.mat
  artifactKey: Guid(be18d180874b1d64db7eeee9c7fc52cb) Importer(815301076,1909f56bfc062723c751e8b465ee728b)
Start importing Assets/CrystallShader.mat using Guid(be18d180874b1d64db7eeee9c7fc52cb) Importer(815301076,1909f56bfc062723c751e8b465ee728b)  -> (artifact id: '12aa5f407f82916549eb864d74a5ae50') in 0.208287 seconds 
  Import took 0.214534 seconds .

========================================================================
Received Import Request.
  Time since last request: 795.666844 seconds.
  path: Assets/CrystallShader.mat
  artifactKey: Guid(be18d180874b1d64db7eeee9c7fc52cb) Importer(815301076,1909f56bfc062723c751e8b465ee728b)
Start importing Assets/CrystallShader.mat using Guid(be18d180874b1d64db7eeee9c7fc52cb) Importer(815301076,1909f56bfc062723c751e8b465ee728b)  -> (artifact id: '3b3716ca0a3b578051ea3142b4c8e266') in 0.026541 seconds 
  Import took 0.033475 seconds .

========================================================================
Received Import Request.
  Time since last request: 460.497313 seconds.
  path: Assets/crystall.prefab
  artifactKey: Guid(1c0d2f3dbe87a404b9681f07f9791c01) Importer(815301076,1909f56bfc062723c751e8b465ee728b)
Start importing Assets/crystall.prefab using Guid(1c0d2f3dbe87a404b9681f07f9791c01) Importer(815301076,1909f56bfc062723c751e8b465ee728b)  -> (artifact id: '04d62ef611919ab2bd14e4677feb20e9') in 0.041711 seconds 
  Import took 0.048543 seconds .

========================================================================
Received Import Request.
  Time since last request: 0.012371 seconds.
  path: Assets/crystall.prefab
  artifactKey: Guid(1c0d2f3dbe87a404b9681f07f9791c01) Importer(815301076,1909f56bfc062723c751e8b465ee728b)
Start importing Assets/crystall.prefab using Guid(1c0d2f3dbe87a404b9681f07f9791c01) Importer(815301076,1909f56bfc062723c751e8b465ee728b)  -> (artifact id: '04d62ef611919ab2bd14e4677feb20e9') in 0.011663 seconds 
  Import took 0.017428 seconds .

========================================================================
Received Import Request.
  Time since last request: 86.701948 seconds.
  path: Assets/CrystallShader.mat
  artifactKey: Guid(be18d180874b1d64db7eeee9c7fc52cb) Importer(815301076,1909f56bfc062723c751e8b465ee728b)
Start importing Assets/CrystallShader.mat using Guid(be18d180874b1d64db7eeee9c7fc52cb) Importer(815301076,1909f56bfc062723c751e8b465ee728b)  -> (artifact id: '22d3c4a83e5b6eeb74a043eac586c88d') in 0.014963 seconds 
  Import took 0.022409 seconds .

========================================================================
Received Import Request.
  Time since last request: 18.550339 seconds.
  path: Assets/ShaderColor.mat
  artifactKey: Guid(be18d180874b1d64db7eeee9c7fc52cb) Importer(815301076,1909f56bfc062723c751e8b465ee728b)
Start importing Assets/ShaderColor.mat using Guid(be18d180874b1d64db7eeee9c7fc52cb) Importer(815301076,1909f56bfc062723c751e8b465ee728b)  -> (artifact id: 'e5534cf49790a84308965a92c0148b78') in 0.026029 seconds 
  Import took 0.032868 seconds .

========================================================================
Received Import Request.
  Time since last request: 54.175252 seconds.
  path: Assets/CrystallShader.shadergraph
  artifactKey: Guid(0bdf95ea7314b5742b6a32c2cd24958c) Importer(815301076,1909f56bfc062723c751e8b465ee728b)
Start importing Assets/CrystallShader.shadergraph using Guid(0bdf95ea7314b5742b6a32c2cd24958c) Importer(815301076,1909f56bfc062723c751e8b465ee728b)  -> (artifact id: '212a71fc0828a599feb09294bb842651') in 0.003067 seconds 
  Import took 0.009530 seconds .

========================================================================
Received Import Request.
  Time since last request: 0.001624 seconds.
  path: Assets/CrystallShader.shadergraph
  artifactKey: Guid(0bdf95ea7314b5742b6a32c2cd24958c) Importer(815301076,1909f56bfc062723c751e8b465ee728b)
Start importing Assets/CrystallShader.shadergraph using Guid(0bdf95ea7314b5742b6a32c2cd24958c) Importer(815301076,1909f56bfc062723c751e8b465ee728b)  -> (artifact id: '212a71fc0828a599feb09294bb842651') in 0.002328 seconds 
  Import took 0.007444 seconds .

========================================================================
Received Import Request.
  Time since last request: 7.376169 seconds.
  path: Assets/Two.mat
  artifactKey: Guid(3fb5dfa6eef219c43b2c8b15ee5e9b30) Importer(815301076,1909f56bfc062723c751e8b465ee728b)
Start importing Assets/Two.mat using Guid(3fb5dfa6eef219c43b2c8b15ee5e9b30) Importer(815301076,1909f56bfc062723c751e8b465ee728b)  -> (artifact id: 'dc2e9f5ce171c49a5cf741773f12bc76') in 0.017291 seconds 
  Import took 0.023778 seconds .

========================================================================
Received Import Request.
  Time since last request: 7.887848 seconds.
  path: Assets/crystall (1).prefab
  artifactKey: Guid(4b352511d12226447ad1731aee216274) Importer(815301076,1909f56bfc062723c751e8b465ee728b)
Start importing Assets/crystall (1).prefab using Guid(4b352511d12226447ad1731aee216274) Importer(815301076,1909f56bfc062723c751e8b465ee728b)  -> (artifact id: '83a9302f55acbbf7cd69a194642046ac') in 0.015540 seconds 
  Import took 0.021704 seconds .

========================================================================
Received Import Request.
  Time since last request: 8.399083 seconds.
  path: Assets/Exmple 1.prefab
  artifactKey: Guid(4b352511d12226447ad1731aee216274) Importer(815301076,1909f56bfc062723c751e8b465ee728b)
Start importing Assets/Exmple 1.prefab using Guid(4b352511d12226447ad1731aee216274) Importer(815301076,1909f56bfc062723c751e8b465ee728b)  -> (artifact id: 'b000783f487a0accb24655d1fb52582d') in 0.022746 seconds 
  Import took 0.028808 seconds .

========================================================================
Received Import Request.
  Time since last request: 51.795263 seconds.
  path: Assets/crystall (2).prefab
  artifactKey: Guid(b09ba7e5e6f6fca49aa0eed103db7e8e) Importer(815301076,1909f56bfc062723c751e8b465ee728b)
Start importing Assets/crystall (2).prefab using Guid(b09ba7e5e6f6fca49aa0eed103db7e8e) Importer(815301076,1909f56bfc062723c751e8b465ee728b)  -> (artifact id: 'a968e7d12ebfb827a246a7582491a1c1') in 0.015719 seconds 
  Import took 0.021574 seconds .

========================================================================
Received Import Request.
  Time since last request: 0.001321 seconds.
  path: Assets/crystall (2).prefab
  artifactKey: Guid(b09ba7e5e6f6fca49aa0eed103db7e8e) Importer(815301076,1909f56bfc062723c751e8b465ee728b)
Start importing Assets/crystall (2).prefab using Guid(b09ba7e5e6f6fca49aa0eed103db7e8e) Importer(815301076,1909f56bfc062723c751e8b465ee728b)  -> (artifact id: 'a968e7d12ebfb827a246a7582491a1c1') in 0.010562 seconds 
  Import took 0.015553 seconds .

========================================================================
Received Import Request.
  Time since last request: 334.810533 seconds.
  path: Assets/CrystallShader 1.mat
  artifactKey: Guid(efeb3f95c3b998244944133c75f66394) Importer(815301076,1909f56bfc062723c751e8b465ee728b)
Start importing Assets/CrystallShader 1.mat using Guid(efeb3f95c3b998244944133c75f66394) Importer(815301076,1909f56bfc062723c751e8b465ee728b)  -> (artifact id: 'eb5dd39b6016b24532804cad896a93f3') in 0.025994 seconds 
  Import took 0.032898 seconds .

========================================================================
Received Import Request.
  Time since last request: 0.000286 seconds.
  path: Assets/Two.mat
  artifactKey: Guid(3fb5dfa6eef219c43b2c8b15ee5e9b30) Importer(815301076,1909f56bfc062723c751e8b465ee728b)
Start importing Assets/Two.mat using Guid(3fb5dfa6eef219c43b2c8b15ee5e9b30) Importer(815301076,1909f56bfc062723c751e8b465ee728b)  -> (artifact id: 'aa07c1c89017c5c60eb31c31a882c5b6') in 0.022566 seconds 
  Import took 0.027841 seconds .

========================================================================
Received Import Request.
  Time since last request: 0.000242 seconds.
  path: Assets/CrystallShader 1.mat
  artifactKey: Guid(efeb3f95c3b998244944133c75f66394) Importer(815301076,1909f56bfc062723c751e8b465ee728b)
Start importing Assets/CrystallShader 1.mat using Guid(efeb3f95c3b998244944133c75f66394) Importer(815301076,1909f56bfc062723c751e8b465ee728b)  -> (artifact id: 'eb5dd39b6016b24532804cad896a93f3') in 0.009199 seconds 
  Import took 0.013872 seconds .

========================================================================
Received Prepare
Shader 'Universal Render Pipeline/Particles/Lit': fallback shader 'Universal Render Pipeline/Particles/SimpleLit' not found
Shader 'Universal Render Pipeline/Particles/Lit': fallback shader 'Universal Render Pipeline/Particles/SimpleLit' not found
Refreshing native plugins compatible for Editor in 4.12 ms, found 2 plugins.
Preloading 0 native plugins for Editor in 0.00 ms.
Unloading 74 Unused Serialized files (Serialized files now loaded: 0)
System memory in use before: 79.5 MB.
System memory in use after: 74.7 MB.

Unloading 74 unused Assets to reduce memory usage. Loaded Objects now: 3347.
Total: 8.247200 ms (FindLiveObjects: 0.338900 ms CreateObjectMapping: 0.172100 ms MarkObjects: 4.774700 ms  DeleteObjects: 2.960400 ms)

AssetImportParameters requested are different than current active one (requested -> active):
  custom:framework-win-MediaFoundation: 216162199b28c13a410421893ffa2e32 -> 
  custom:video-decoder-ogg-theora: a1e56fd34408186e4bbccfd4996cb3dc -> 
  custom:container-muxer-webm: aa71ff27fc2769a1b78a27578f13a17b -> 
  custom:container-demuxer-webm: 4f35f7cbe854078d1ac9338744f61a02 -> 
  custom:container-demuxer-ogg: 62fdf1f143b41e24485cea50d1cbac27 -> 
  custom:video-encoder-webm-vp8: eb34c28f22e8b96e1ab97ce403110664 -> 
  custom:video-decoder-webm-vp8: 9c59270c3fd7afecdb556c50c9e8de78 -> 
  custom:audio-decoder-ogg-vorbis: bf7c407c2cedff20999df2af8eb42d56 -> 
  custom:audio-encoder-webm-vorbis: bf7c407c2cedff20999df2af8eb42d56 -> 
AssetImportWorkerClient::OnTransportError - code=2 error=End of file
